<?xml version="1.0" encoding="UTF-8"?>
<!-- Generated by org.testng.reporters.JUnitReportReporter -->
<testsuite hostname="LAPTOP-21TTL97P" failures="0" tests="1" name="SpringbootApp.PostNewEmployee" time="1.688" errors="0" timestamp="08 Jul 2023 06:41:11 GMT" skipped="0">
  <testcase classname="SpringbootApp.PostNewEmployee" name="test1" time="1.688"/>
</testsuite> <!-- SpringbootApp.PostNewEmployee -->
