<?xml version="1.0" encoding="UTF-8"?>
<!-- Generated by org.testng.reporters.JUnitReportReporter -->
<testsuite hostname="LAPTOP-21TTL97P" failures="0" tests="2" name="RestAPIXML.XMLTest" time="2.760" errors="0" timestamp="09 Jul 2023 06:06:42 GMT" skipped="0">
  <testcase classname="RestAPIXML.XMLTest" name="test2" time="0.873"/>
  <testcase classname="RestAPIXML.XMLTest" name="test1" time="1.887"/>
</testsuite> <!-- RestAPIXML.XMLTest -->
