<?xml version="1.0" encoding="UTF-8"?>
<!-- Generated by org.testng.reporters.JUnitReportReporter -->
<testsuite hostname="LAPTOP-21TTL97P" failures="0" tests="1" name="restAPI.DeleteRequest" time="1.444" errors="0" timestamp="08 Jul 2023 17:50:45 GMT" skipped="0">
  <testcase classname="restAPI.DeleteRequest" name="test1" time="1.444"/>
</testsuite> <!-- restAPI.DeleteRequest -->
