<?xml version="1.0" encoding="UTF-8"?>
<!-- Generated by org.testng.reporters.JUnitReportReporter -->
<testsuite hostname="LAPTOP-21TTL97P" failures="0" tests="1" name="github.DeleteRepo" time="2.183" errors="0" timestamp="08 Jul 2023 18:33:45 GMT" skipped="0">
  <testcase classname="github.DeleteRepo" name="test1" time="2.183"/>
</testsuite> <!-- github.DeleteRepo -->
