<?xml version="1.0" encoding="UTF-8"?>
<!-- Generated by org.testng.reporters.JUnitReportReporter -->
<testsuite hostname="LAPTOP-21TTL97P" failures="0" tests="1" name="SpringbootApp.GetAllEmployee" time="2.164" errors="0" timestamp="08 Jul 2023 17:43:02 GMT" skipped="0">
  <testcase classname="SpringbootApp.GetAllEmployee" name="test1" time="2.164"/>
</testsuite> <!-- SpringbootApp.GetAllEmployee -->
