<?xml version="1.0" encoding="UTF-8"?>
<!-- Generated by org.testng.reporters.JUnitReportReporter -->
<testsuite hostname="LAPTOP-21TTL97P" failures="0" tests="1" name="restAPI.PostRequestWithJsonObject" time="1.702" errors="0" timestamp="08 Jul 2023 05:32:20 GMT" skipped="0">
  <testcase classname="restAPI.PostRequestWithJsonObject" name="test1" time="1.702"/>
</testsuite> <!-- restAPI.PostRequestWithJsonObject -->
