<?xml version="1.0" encoding="UTF-8"?>
<!-- Generated by org.testng.reporters.JUnitReportReporter -->
<testsuite hostname="LAPTOP-21TTL97P" failures="0" tests="1" name="RestAPIBDD.GetRequestBDD" time="2.398" errors="0" timestamp="09 Jul 2023 04:57:57 GMT" skipped="0">
  <testcase classname="RestAPIBDD.GetRequestBDD" name="test3" time="2.398"/>
</testsuite> <!-- RestAPIBDD.GetRequestBDD -->
