<?xml version="1.0" encoding="UTF-8"?>
<!-- Generated by org.testng.reporters.JUnitReportReporter -->
<testsuite hostname="LAPTOP-21TTL97P" failures="0" tests="1" name="github.CreateRepo" time="2.391" errors="0" timestamp="08 Jul 2023 06:57:59 GMT" skipped="0">
  <testcase classname="github.CreateRepo" name="test1" time="2.391"/>
</testsuite> <!-- github.CreateRepo -->
