<?xml version="1.0" encoding="UTF-8"?>
<!-- Generated by org.testng.reporters.JUnitReportReporter -->
<testsuite hostname="LAPTOP-21TTL97P" failures="0" tests="1" name="restAPI.PostRequestWithMap" time="2.335" errors="0" timestamp="08 Jul 2023 04:43:14 GMT" skipped="0">
  <testcase classname="restAPI.PostRequestWithMap" name="test1" time="2.335"/>
</testsuite> <!-- restAPI.PostRequestWithMap -->
