<?xml version="1.0" encoding="UTF-8"?>
<!-- Generated by org.testng.reporters.JUnitReportReporter -->
<testsuite hostname="LAPTOP-21TTL97P" failures="0" tests="1" name="restAPI.PostRequest" time="1.395" errors="0" timestamp="08 Jul 2023 04:27:11 GMT" skipped="0">
  <testcase classname="restAPI.PostRequest" name="test1" time="1.395"/>
</testsuite> <!-- restAPI.PostRequest -->
