<?xml version="1.0" encoding="UTF-8"?>
<!-- Generated by org.testng.reporters.JUnitReportReporter -->
<testsuite hostname="LAPTOP-21TTL97P" failures="0" tests="1" name="RestAPIBDD.PostRequestBDD" time="1.867" errors="0" timestamp="09 Jul 2023 04:46:21 GMT" skipped="0">
  <testcase classname="RestAPIBDD.PostRequestBDD" name="test1" time="1.867"/>
</testsuite> <!-- RestAPIBDD.PostRequestBDD -->
