<?xml version="1.0" encoding="UTF-8"?>
<!-- Generated by org.testng.reporters.JUnitReportReporter -->
<testsuite hostname="LAPTOP-21TTL97P" failures="0" tests="1" name="restAPI.PutRequest" time="1.793" errors="0" timestamp="08 Jul 2023 17:52:44 GMT" skipped="0">
  <testcase classname="restAPI.PutRequest" name="test1" time="1.793"/>
</testsuite> <!-- restAPI.PutRequest -->
