<?xml version="1.0" encoding="UTF-8"?>
<!-- Generated by org.testng.reporters.JUnitReportReporter -->
<testsuite hostname="LAPTOP-21TTL97P" failures="0" tests="1" name="restAPI.GetRequestWithParam" time="1.753" errors="0" timestamp="08 Jul 2023 03:56:33 GMT" skipped="0">
  <testcase classname="restAPI.GetRequestWithParam" name="test1" time="1.753"/>
</testsuite> <!-- restAPI.GetRequestWithParam -->
